<?xml version="1.0" encoding="UTF-8"?>
<!-- Generated by org.testng.reporters.JUnitReportReporter -->
<testsuite hostname="LTGB012179" failures="0" tests="2" name="com.demoqa.testcases.Tester" time="13.289" errors="0" timestamp="2025-06-18T15:40:04 BST" skipped="0">
  <testcase classname="com.demoqa.testcases.Tester" name="testEmptyUserNameField" time="6.786"/>
  <testcase classname="com.demoqa.testcases.Tester" name="testElementsListCollapsible" time="6.503"/>
</testsuite> <!-- com.demoqa.testcases.Tester -->
