<?xml version="1.0" encoding="UTF-8"?>
<!-- Generated by org.testng.reporters.JUnitReportReporter -->
<testsuite hostname="LTGB012179" failures="0" tests="2" name="com.demoqa.testcases.Tester" time="12.008" errors="0" timestamp="2025-06-18T13:13:08 BST" skipped="0">
  <testcase classname="com.demoqa.testcases.Tester" name="testEmptyUserNameField" time="5.867"/>
  <testcase classname="com.demoqa.testcases.Tester" name="testElementsListCollapsible" time="6.141"/>
</testsuite> <!-- com.demoqa.testcases.Tester -->
