<?xml version="1.0" encoding="UTF-8"?>
<!-- Generated by org.testng.reporters.JUnitReportReporter -->
<testsuite hostname="LTGB012179" failures="0" tests="2" name="com.demoqa.testcases.Tester" time="11.069" errors="0" timestamp="2025-06-19T10:32:49 BST" skipped="0">
  <testcase classname="com.demoqa.testcases.Tester" name="testElementsListCollapsible" time="6.100"/>
  <testcase classname="com.demoqa.testcases.Tester" name="testEmptyUserNameField" time="4.969"/>
</testsuite> <!-- com.demoqa.testcases.Tester -->
