<?xml version="1.0" encoding="UTF-8"?>
<!-- Generated by org.testng.reporters.JUnitReportReporter -->
<testsuite hostname="LTGB012179" failures="0" tests="2" name="com.demoqa.testcases.Tester" time="10.290" errors="0" timestamp="2025-06-19T09:25:49 BST" skipped="0">
  <testcase classname="com.demoqa.testcases.Tester" name="testElementsListCollapsible" time="4.700"/>
  <system-out/>
  <testcase classname="com.demoqa.testcases.Tester" name="testEmptyUserNameField" time="5.590"/>
  <system-out/>
</testsuite> <!-- com.demoqa.testcases.Tester -->
